<?xml version="1.0" encoding="UTF-8"?>
<testsuite name="Cucumber" time="2.618" tests="9" skipped="0" failures="1" errors="0">
<testcase classname="Parabank Customer Accounts" name="Get Customer Accounts" time="2.499">
<failure type="org.openqa.selenium.SessionNotCreatedException" message="Could not start a new session. Response code 500. Message: session not created: This version of ChromeDriver only supports Chrome version 114
Current browser version is 116.0.5845.97 with binary path C:\Program Files\Google\Chrome\Application\chrome.exe 
Host info: host: 'TCHIEF-OFFICEPC', ip: '192.168.0.60'
Build info: version: '4.11.0', revision: '040bc5406b'
System info: os.name: 'Windows 11', os.arch: 'amd64', os.version: '10.0', java.version: '17.0.5'
Driver info: org.openqa.selenium.chrome.ChromeDriver
Command: [null, newSession {capabilities=[Capabilities {browserName: chrome, goog:chromeOptions: {args: [--remote-allow-origins=*], binary: C:\Program Files\Google\Chr..., extensions: []}}]}]">
<![CDATA[org.openqa.selenium.SessionNotCreatedException: Could not start a new session. Response code 500. Message: session not created: This version of ChromeDriver only supports Chrome version 114
Current browser version is 116.0.5845.97 with binary path C:\Program Files\Google\Chrome\Application\chrome.exe 
Host info: host: 'TCHIEF-OFFICEPC', ip: '192.168.0.60'
Build info: version: '4.11.0', revision: '040bc5406b'
System info: os.name: 'Windows 11', os.arch: 'amd64', os.version: '10.0', java.version: '17.0.5'
Driver info: org.openqa.selenium.chrome.ChromeDriver
Command: [null, newSession {capabilities=[Capabilities {browserName: chrome, goog:chromeOptions: {args: [--remote-allow-origins=*], binary: C:\Program Files\Google\Chr..., extensions: []}}]}]
	at org.openqa.selenium.remote.ProtocolHandshake.createSession(ProtocolHandshake.java:140)
	at org.openqa.selenium.remote.ProtocolHandshake.createSession(ProtocolHandshake.java:96)
	at org.openqa.selenium.remote.ProtocolHandshake.createSession(ProtocolHandshake.java:68)
	at org.openqa.selenium.remote.HttpCommandExecutor.execute(HttpCommandExecutor.java:163)
	at org.openqa.selenium.remote.service.DriverCommandExecutor.invokeExecute(DriverCommandExecutor.java:196)
	at org.openqa.selenium.remote.service.DriverCommandExecutor.execute(DriverCommandExecutor.java:171)
	at org.openqa.selenium.remote.RemoteWebDriver.execute(RemoteWebDriver.java:518)
	at org.openqa.selenium.remote.RemoteWebDriver.startSession(RemoteWebDriver.java:232)
	at org.openqa.selenium.remote.RemoteWebDriver.<init>(RemoteWebDriver.java:159)
	at org.openqa.selenium.chromium.ChromiumDriver.<init>(ChromiumDriver.java:108)
	at org.openqa.selenium.chrome.ChromeDriver.<init>(ChromeDriver.java:88)
	at org.openqa.selenium.chrome.ChromeDriver.<init>(ChromeDriver.java:83)
	at org.openqa.selenium.chrome.ChromeDriver.<init>(ChromeDriver.java:51)
	at org.testingchief.utilities.DriverFactory.setDriver(DriverFactory.java:24)
	at org.testingchief.stepdefinitions.Parabank.user_opens_the_parabank_web_login_page(Parabank.java:15)
	at âœ½.user opens the Parabank web login page(file:///D:/Code/java-workspace/selenium-framework/selenium-cucumber/src/test/resources/features/parabank/accounts.feature:5)
]]>
</failure>
<system-out><![CDATA[
Given user opens the Parabank web login page................................skipped
When user enters the username...............................................skipped
And user enters the password................................................skipped
And user clicks on login....................................................skipped
Then the accounts overview page is displayed................................skipped
]]></system-out>
</testcase>
<testcase classname="Parabank Customer Accounts" name="Get Account By Id" time="0.001">
</testcase>
<testcase classname="Parabank Customer Accounts" name="Deposit Funds" time="0">
</testcase>
<testcase classname="Parabank Customer Accounts" name="Transfer Funds" time="0">
</testcase>
<testcase classname="Parabank Customer Accounts" name="Withdraw Funds" time="0">
</testcase>
<testcase classname="Parabank Customer Accounts" name="Pay Bill" time="0">
</testcase>
<testcase classname="Parabank Customer Accounts" name="Loan Approved" time="0">
</testcase>
<testcase classname="Parabank Customer Accounts" name="Loan Rejected" time="0">
</testcase>
<testcase classname="Parabank Customer Accounts" name="Create a New Account" time="0">
</testcase>
</testsuite>
